2025-06-15T01:27:20+02:00 2025-06-15T01:27:20+02:00 2025-06-15T01:27:50+02:00 2025-06-15T01:27:50+02:00 2025-06-15T01:47:07+02:00 2025-06-15T01:47:07+02:00 2025-06-15T01:47:23+02:00 2025-06-15T01:47:23+02:00 2025-06-15T01:47:33+02:00 2025-06-15T01:47:33+02:00 2025-06-15T01:47:41+02:00 2025-06-15T01:47:41+02:00 2025-06-15T01:47:55+02:00 2025-06-15T01:47:55+02:00 2025-06-15T01:48:06+02:00 2025-06-15T01:48:06+02:00 2025-06-15T01:48:21+02:00 2025-06-15T01:48:21+02:00 2025-06-15T01:48:22+02:00 2025-06-15T01:48:22+02:00 2025-06-15T01:48:38+02:00 2025-06-15T01:48:38+02:00 2025-06-15T01:49:01+02:00 2025-06-15T01:49:01+02:00 2025-06-15T01:49:15+02:00 2025-06-15T01:49:15+02:00 2025-06-15T01:49:22+02:00 2025-06-15T01:49:22+02:00 2025-06-15T01:49:30+02:00 2025-06-15T01:49:30+02:00 2025-06-15T01:49:31+02:00 2025-06-15T01:49:31+02:00 2025-06-15T01:49:32+02:00 2025-06-15T01:49:33+02:00 2025-06-15T01:49:33+02:00 2025-06-15T01:49:33+02:00 2025-06-15T01:49:33+02:00 2025-06-15T01:49:34+02:00 2025-06-15T01:49:34+02:00 2025-06-15T01:49:34+02:00 2025-06-15T01:49:34+02:00 2025-06-15T01:49:34+02:00 2025-06-15T01:49:34+02:00 2025-06-15T01:49:34+02:00 2025-06-15T01:49:34+02:00 2025-06-15T01:49:34+02:00 2025-06-15T01:50:12+02:00 2025-06-15T01:50:12+02:00 2025-06-15T01:50:25+02:00 2025-06-15T01:50:25+02:00 2025-06-15T01:50:30+02:00 2025-06-15T01:50:30+02:00 2025-06-15T01:51:24+02:00 2025-06-15T01:51:24+02:00 2025-06-15T02:35:53+02:00 2025-06-15T02:35:55+02:00 2025-06-15T02:35:55+02:00 2025-06-15T02:36:08+02:00 2025-06-15T02:36:08+02:00 2025-06-15T02:38:45+02:00 2025-06-15T02:38:45+02:00 2025-06-15T02:39:00+02:00 2025-06-15T02:39:00+02:00 2025-06-15T02:39:06+02:00 2025-06-15T02:39:06+02:00 2025-06-15T02:39:58+02:00 2025-06-15T02:39:59+02:00 2025-06-15T02:51:07+02:00 Array
(
)
2025-06-15T02:51:07+02:00 Array
(
)
2025-06-15T02:51:24+02:00 Array
(
    [user] => Array
        (
            [id] => 6
            [username] => admin
            [role] => admin
        )

)
2025-06-15T02:51:24+02:00 Array
(
    [user] => Array
        (
            [id] => 6
            [username] => admin
            [role] => admin
        )

)
2025-06-15T02:51:35+02:00 Array
(
    [user] => Array
        (
            [id] => 6
            [username] => admin
            [role] => admin
        )

)
2025-06-15T02:51:35+02:00 Array
(
    [user] => Array
        (
            [id] => 6
            [username] => admin
            [role] => admin
        )

)
2025-06-15T02:51:38+02:00 Array
(
    [user] => Array
        (
            [id] => 6
            [username] => admin
            [role] => admin
        )

)
2025-06-15T02:51:39+02:00 Array
(
    [user] => Array
        (
            [id] => 6
            [username] => admin
            [role] => admin
        )

)
2025-06-15T02:51:40+02:00 Array
(
    [user] => Array
        (
            [id] => 6
            [username] => admin
            [role] => admin
        )

)
2025-06-15T02:51:40+02:00 Array
(
    [user] => Array
        (
            [id] => 6
            [username] => admin
            [role] => admin
        )

)
2025-06-15T02:51:40+02:00 Array
(
    [user] => Array
        (
            [id] => 6
            [username] => admin
            [role] => admin
        )

)
2025-06-15T02:51:40+02:00 Array
(
    [user] => Array
        (
            [id] => 6
            [username] => admin
            [role] => admin
        )

)
2025-06-15T02:51:41+02:00 Array
(
    [user] => Array
        (
            [id] => 6
            [username] => admin
            [role] => admin
        )

)
2025-06-15T02:51:41+02:00 Array
(
    [user] => Array
        (
            [id] => 6
            [username] => admin
            [role] => admin
        )

)
2025-06-15T02:51:42+02:00 Array
(
    [user] => Array
        (
            [id] => 6
            [username] => admin
            [role] => admin
        )

)
2025-06-15T02:51:42+02:00 Array
(
    [user] => Array
        (
            [id] => 6
            [username] => admin
            [role] => admin
        )

)
2025-06-15T02:51:43+02:00 Array
(
    [user] => Array
        (
            [id] => 6
            [username] => admin
            [role] => admin
        )

)
2025-06-15T02:51:43+02:00 Array
(
    [user] => Array
        (
            [id] => 6
            [username] => admin
            [role] => admin
        )

)
2025-06-15T02:51:44+02:00 Array
(
    [user] => Array
        (
            [id] => 6
            [username] => admin
            [role] => admin
        )

)
2025-06-15T02:51:44+02:00 Array
(
    [user] => Array
        (
            [id] => 6
            [username] => admin
            [role] => admin
        )

)
2025-06-15T02:51:45+02:00 Array
(
    [user] => Array
        (
            [id] => 6
            [username] => admin
            [role] => admin
        )

)
2025-06-15T02:51:45+02:00 Array
(
    [user] => Array
        (
            [id] => 6
            [username] => admin
            [role] => admin
        )

)
2025-06-15T02:51:46+02:00 Array
(
    [user] => Array
        (
            [id] => 6
            [username] => admin
            [role] => admin
        )

)
2025-06-15T02:51:46+02:00 Array
(
    [user] => Array
        (
            [id] => 6
            [username] => admin
            [role] => admin
        )

)
2025-06-15T02:51:47+02:00 Array
(
    [user] => Array
        (
            [id] => 6
            [username] => admin
            [role] => admin
        )

)
2025-06-15T02:51:47+02:00 Array
(
    [user] => Array
        (
            [id] => 6
            [username] => admin
            [role] => admin
        )

)
2025-06-15T02:51:47+02:00 Array
(
    [user] => Array
        (
            [id] => 6
            [username] => admin
            [role] => admin
        )

)
2025-06-15T02:51:47+02:00 Array
(
    [user] => Array
        (
            [id] => 6
            [username] => admin
            [role] => admin
        )

)
2025-06-15T02:51:48+02:00 Array
(
    [user] => Array
        (
            [id] => 6
            [username] => admin
            [role] => admin
        )

)
2025-06-15T02:51:48+02:00 Array
(
    [user] => Array
        (
            [id] => 6
            [username] => admin
            [role] => admin
        )

)
2025-06-15T02:51:48+02:00 Array
(
    [user] => Array
        (
            [id] => 6
            [username] => admin
            [role] => admin
        )

)
2025-06-15T02:51:48+02:00 Array
(
    [user] => Array
        (
            [id] => 6
            [username] => admin
            [role] => admin
        )

)
2025-06-15T02:51:49+02:00 Array
(
    [user] => Array
        (
            [id] => 6
            [username] => admin
            [role] => admin
        )

)
2025-06-15T02:51:49+02:00 Array
(
    [user] => Array
        (
            [id] => 6
            [username] => admin
            [role] => admin
        )

)
2025-06-15T02:53:19+02:00 Array
(
    [user] => Array
        (
            [id] => 6
            [username] => admin
            [role] => admin
        )

)
2025-06-15T02:53:19+02:00 Array
(
    [user] => Array
        (
            [id] => 6
            [username] => admin
            [role] => admin
        )

)
2025-06-15T02:53:20+02:00 Array
(
    [user] => Array
        (
            [id] => 6
            [username] => admin
            [role] => admin
        )

)
2025-06-15T02:53:20+02:00 Array
(
    [user] => Array
        (
            [id] => 6
            [username] => admin
            [role] => admin
        )

)
2025-06-15T02:53:21+02:00 Array
(
    [user] => Array
        (
            [id] => 6
            [username] => admin
            [role] => admin
        )

)
2025-06-15T02:53:21+02:00 Array
(
    [user] => Array
        (
            [id] => 6
            [username] => admin
            [role] => admin
        )

)
2025-06-15T02:53:22+02:00 Array
(
    [user] => Array
        (
            [id] => 6
            [username] => admin
            [role] => admin
        )

)
2025-06-15T02:53:22+02:00 Array
(
    [user] => Array
        (
            [id] => 6
            [username] => admin
            [role] => admin
        )

)
2025-06-15T02:53:23+02:00 Array
(
    [user] => Array
        (
            [id] => 6
            [username] => admin
            [role] => admin
        )

)
2025-06-15T02:53:23+02:00 Array
(
    [user] => Array
        (
            [id] => 6
            [username] => admin
            [role] => admin
        )

)
2025-06-15T02:53:23+02:00 Array
(
    [user] => Array
        (
            [id] => 6
            [username] => admin
            [role] => admin
        )

)
2025-06-15T02:53:23+02:00 Array
(
    [user] => Array
        (
            [id] => 6
            [username] => admin
            [role] => admin
        )

)
2025-06-15T02:53:27+02:00 Array
(
    [user] => Array
        (
            [id] => 6
            [username] => admin
            [role] => admin
        )

)
2025-06-15T02:53:27+02:00 Array
(
    [user] => Array
        (
            [id] => 6
            [username] => admin
            [role] => admin
        )

)
2025-06-15T02:53:30+02:00 Array
(
    [user] => Array
        (
            [id] => 6
            [username] => admin
            [role] => admin
        )

)
2025-06-15T02:53:30+02:00 Array
(
    [user] => Array
        (
            [id] => 6
            [username] => admin
            [role] => admin
        )

)
2025-06-15T02:53:31+02:00 Array
(
    [user] => Array
        (
            [id] => 6
            [username] => admin
            [role] => admin
        )

)
2025-06-15T02:53:31+02:00 Array
(
    [user] => Array
        (
            [id] => 6
            [username] => admin
            [role] => admin
        )

)
2025-06-15T02:55:22+02:00 Array
(
    [user] => Array
        (
            [id] => 6
            [username] => admin
            [role] => admin
        )

)
2025-06-15T02:55:29+02:00 Array
(
    [user] => Array
        (
            [id] => 6
            [username] => admin
            [role] => admin
        )

)
2025-06-15T02:55:29+02:00 Array
(
    [user] => Array
        (
            [id] => 6
            [username] => admin
            [role] => admin
        )

)
2025-06-15T02:55:30+02:00 Array
(
    [user] => Array
        (
            [id] => 6
            [username] => admin
            [role] => admin
        )

)
2025-06-15T02:55:30+02:00 Array
(
    [user] => Array
        (
            [id] => 6
            [username] => admin
            [role] => admin
        )

)
2025-06-15T02:55:32+02:00 Array
(
    [user] => Array
        (
            [id] => 6
            [username] => admin
            [role] => admin
        )

)
2025-06-15T02:55:33+02:00 Array
(
    [user] => Array
        (
            [id] => 6
            [username] => admin
            [role] => admin
        )

)
2025-06-15T02:55:47+02:00 Array
(
)
2025-06-15T02:55:47+02:00 Array
(
)
2025-06-15T02:55:50+02:00 Array
(
)
2025-06-15T02:56:00+02:00 Array
(
    [user] => Array
        (
            [id] => 6
            [username] => admin
            [role] => admin
        )

)
2025-06-15T02:56:02+02:00 Array
(
    [user] => Array
        (
            [id] => 6
            [username] => admin
            [role] => admin
        )

)
2025-06-15T02:56:02+02:00 Array
(
    [user] => Array
        (
            [id] => 6
            [username] => admin
            [role] => admin
        )

)
2025-06-15T02:56:05+02:00 Array
(
    [user] => Array
        (
            [id] => 6
            [username] => admin
            [role] => admin
        )

)
2025-06-15T02:56:05+02:00 Array
(
    [user] => Array
        (
            [id] => 6
            [username] => admin
            [role] => admin
        )

)
2025-06-15T02:56:15+02:00 Array
(
    [user] => Array
        (
            [id] => 6
            [username] => admin
            [role] => admin
        )

)
2025-06-15T02:59:02+02:00 Array
(
    [user] => Array
        (
            [id] => 6
            [username] => admin
            [role] => admin
        )

)
2025-06-15T02:59:02+02:00 Array
(
    [user] => Array
        (
            [id] => 6
            [username] => admin
            [role] => admin
        )

)
2025-06-15T02:59:08+02:00 Array
(
    [user] => Array
        (
            [id] => 6
            [username] => admin
            [role] => admin
        )

)
2025-06-15T02:59:20+02:00 Array
(
)
2025-06-15T02:59:20+02:00 Array
(
)
2025-06-15T02:59:29+02:00 Array
(
    [user] => Array
        (
            [id] => 6
            [username] => admin
            [role] => admin
        )

)
2025-06-15T02:59:29+02:00 Array
(
    [user] => Array
        (
            [id] => 6
            [username] => admin
            [role] => admin
        )

)
2025-06-15T02:59:45+02:00 Array
(
    [user] => Array
        (
            [id] => 6
            [username] => admin
            [role] => admin
        )

)
2025-06-15T03:00:20+02:00 Array
(
)
2025-06-15T03:00:20+02:00 Array
(
)
2025-06-15T03:00:30+02:00 Array
(
    [user] => Array
        (
            [id] => 5
            [username] => alden
            [role] => user
        )

)
2025-06-15T03:00:30+02:00 Array
(
    [user] => Array
        (
            [id] => 5
            [username] => alden
            [role] => user
        )

)
2025-06-15T03:01:08+02:00 Array
(
    [user] => Array
        (
            [id] => 5
            [username] => alden
            [role] => user
        )

)
2025-06-15T03:01:15+02:00 Array
(
    [user] => Array
        (
            [id] => 5
            [username] => alden
            [role] => user
        )

)
2025-06-15T03:01:15+02:00 Array
(
    [user] => Array
        (
            [id] => 5
            [username] => alden
            [role] => user
        )

)
2025-06-15T03:05:38+02:00 Array
(
)
2025-06-15T03:05:38+02:00 Array
(
)
2025-06-15T03:05:40+02:00 Array
(
)
2025-06-15T03:05:40+02:00 Array
(
)
2025-06-15T03:05:42+02:00 Array
(
)
